1732160203957:shell
1732160206125:help
1732160209573:hello
1732160213506:bye
1732160561698:help
1732160568419:hello
1732160574642:helo jusua,dâd
1732160581199:hello dadawd,dadada
1732161537590:hello
1732161569840:hello syjz 5432
1732162461131:hello yzs,sad 5432
1732162551657:hello yasdd,sqda 5432
1732162615094:hello iJhz,iJhz 5432
1732162810846:hello none 5432
1732162820538:hello none 5432,2415
1732162834395:hello yJzs
1732162840652:hello
1732172620844:help
1732172644067:my_hotel_merger iJhz
1732172701918:[{"hotel_id":"iJhz","destination_id":"5432","hotel_name":"Beach Villas Singapore","location":{"lat":1.264751,"lng":103.824005,"address":"8 Sentosa Gateway, Beach Villas, 098269","city":"Singapore","country":"Singapore"},"amenities":{"general":["outdoor pool","indoor pool","business center","childcare","pool","wifi","drycleaning","breakfast"],"room":["tv","coffee machine","kettle","hair dryer","iron","aircon","tub"]},"images":{"rooms":[{"link":"https://d2ey9sqrvkqdfs.cloudfront.net/0qZF/2.jpg","description":"Double room"},{"link":"https://d2ey9sqrvkqdfs.cloudfront.net/0qZF/3.jpg","description":"Double room"},{"link":"https://d2ey9sqrvkqdfs.cloudfront.net/0qZF/4.jpg","description":"Bathroom"}],"site":[{"link":"https://d2ey9sqrvkqdfs.cloudfront.net/0qZF/1.jpg","description":"Front"}],"amenities":[{"link":"https://d2ey9sqrvkqdfs.cloudfront.net/0qZF/0.jpg","description":"RWS"},{"link":"https://d2ey9sqrvkqdfs.cloudfront.net/0qZF/6.jpg","description":"Sentosa Gateway"}]},"booking_conditions":["All children are welcome. One child under 12 years stays free of charge when using existing beds. One child under 2 years stays free of charge in a child's cot/crib. One child under 4 years stays free of charge when using existing beds. One older child or adult is charged SGD 82.39 per person per night in an extra bed. The maximum number of children's cots/cribs in a room is 1. There is no capacity for extra beds in the room.","Pets are not allowed.","WiFi is available in all areas and is free of charge.","Free private parking is possible on site (reservation is not needed).","Guests are required to show a photo identification and credit card upon check-in. Please note that all Special Requests are subject to availability and additional charges may apply. Payment before arrival via bank transfer is required. The property will contact you after you book to provide instructions. Please note that the full amount of the reservation is due before arrival. Resorts World Sentosa will send a confirmation with detailed payment information. After full payment is taken, the property's details, including the address and where to collect keys, will be emailed to you. Bag checks will be conducted prior to entry to Adventure Cove Waterpark. === Upon check-in, guests will be provided with complimentary Sentosa Pass (monorail) to enjoy unlimited transportation between Sentosa Island and Harbour Front (VivoCity). === Prepayment for non refundable bookings will be charged by RWS Call Centre. === All guests can enjoy complimentary parking during their stay, limited to one exit from the hotel per day. === Room reservation charges will be charged upon check-in. Credit card provided upon reservation is for guarantee purpose. === For reservations made with inclusive breakfast, please note that breakfast is applicable only for number of adults paid in the room rate. Any children or additional adults are charged separately for breakfast and are to paid directly to the hotel."],"details":"Surrounded by tropical gardens, these upscale villas in elegant Colonial-style buildings are part of the Resorts World Sentosa complex and a 2-minute walk from the Waterfront train station. Featuring sundecks and pool, garden or sea views, the plush 1- to 3-bedroom villas offer free Wi-Fi and flat-screens, as well as free-standing baths, minibars, and tea and coffeemaking facilities. Upgraded villas add private pools, fridges and microwaves; some have wine cellars. A 4-bedroom unit offers a kitchen and a living room. There's 24-hour room and butler service. Amenities include posh restaurant, plus an outdoor pool, a hot tub, and free parking."}]
1732172713580:my_hotel_merger iJhz dddd
1732172761681:my_hotel_merger iJhz 5432,4321
1732172808673:my_hotel_merger iJhz 5432,2415
1732172863835:my_hotel_merger iJhz 5432,5123
1732172925898:my_hotel_merger iJhz 5432,4151
1732173028501:help
1732173040114:my_hotel_merger iJhz 5432,2515
1732173324534:help
1732173355428:my_hotel_merger iJhz 5432,4145
1732173366725:my_hotel_merger none 5432
1732173372384:my_hotel_merger
1732173389207:my_hotel_merger awdd 5412
1732175214892:help
1732175225008:my_hotel_merger iJhz
1732175441439:help
1732175449785:my_hotel_merger iJhz 5432
1732175528626:help
1732175532826:my_hotel_merger
1732175715268:help
1732175720189:my_hotel_merger
1732175784370:help
1732175788730:my_hotel_merger
1732176028631:help
1732176032532:my_hotel_merger
1732176062946:my_hotel_merger iJhz 5333
1732176091696:my_hotel_merger iJhz,izHz 5432,4155
1732176122387:my_hotel_merger SjyX
1732176142539:my_hotel_merger none 5432
1732176282174:[{"hotel_id":"iJhz","destination_id":"5432","hotel_name":"Beach Villas Singapore","location":{"lat":1.264751,"lng":103.824005,"address":"8 Sentosa Gateway, Beach Villas, 098269","city":"Singapore","country":"Singapore"},"amenities":{"general":["outdoor pool","indoor pool","business center","childcare","pool","wifi","drycleaning","breakfast"],"room":["tv","coffee machine","kettle","hair dryer","iron","aircon","tub"]},"images":{"rooms":[{"link":"https://d2ey9sqrvkqdfs.cloudfront.net/0qZF/2.jpg","description":"Double room"},{"link":"https://d2ey9sqrvkqdfs.cloudfront.net/0qZF/3.jpg","description":"Double room"},{"link":"https://d2ey9sqrvkqdfs.cloudfront.net/0qZF/4.jpg","description":"Bathroom"}],"site":[{"link":"https://d2ey9sqrvkqdfs.cloudfront.net/0qZF/1.jpg","description":"Front"}],"amenities":[{"link":"https://d2ey9sqrvkqdfs.cloudfront.net/0qZF/0.jpg","description":"RWS"},{"link":"https://d2ey9sqrvkqdfs.cloudfront.net/0qZF/6.jpg","description":"Sentosa Gateway"}]},"booking_conditions":["All children are welcome. One child under 12 years stays free of charge when using existing beds. One child under 2 years stays free of charge in a child's cot/crib. One child under 4 years stays free of charge when using existing beds. One older child or adult is charged SGD 82.39 per person per night in an extra bed. The maximum number of children's cots/cribs in a room is 1. There is no capacity for extra beds in the room.","Pets are not allowed.","WiFi is available in all areas and is free of charge.","Free private parking is possible on site (reservation is not needed).","Guests are required to show a photo identification and credit card upon check-in. Please note that all Special Requests are subject to availability and additional charges may apply. Payment before arrival via bank transfer is required. The property will contact you after you book to provide instructions. Please note that the full amount of the reservation is due before arrival. Resorts World Sentosa will send a confirmation with detailed payment information. After full payment is taken, the property's details, including the address and where to collect keys, will be emailed to you. Bag checks will be conducted prior to entry to Adventure Cove Waterpark. === Upon check-in, guests will be provided with complimentary Sentosa Pass (monorail) to enjoy unlimited transportation between Sentosa Island and Harbour Front (VivoCity). === Prepayment for non refundable bookings will be charged by RWS Call Centre. === All guests can enjoy complimentary parking during their stay, limited to one exit from the hotel per day. === Room reservation charges will be charged upon check-in. Credit card provided upon reservation is for guarantee purpose. === For reservations made with inclusive breakfast, please note that breakfast is applicable only for number of adults paid in the room rate. Any children or additional adults are charged separately for breakfast and are to paid directly to the hotel."],"details":"Surrounded by tropical gardens, these upscale villas in elegant Colonial-style buildings are part of the Resorts World Sentosa complex and a 2-minute walk from the Waterfront train station. Featuring sundecks and pool, garden or sea views, the plush 1- to 3-bedroom villas offer free Wi-Fi and flat-screens, as well as free-standing baths, minibars, and tea and coffeemaking facilities. Upgraded villas add private pools, fridges and microwaves; some have wine cellars. A 4-bedroom unit offers a kitchen and a living room. There's 24-hour room and butler service. Amenities include posh restaurant, plus an outdoor pool, a hot tub, and free parking."}]
1732176285056:help
1732176290484:my_hotel_merger none 5432
1732176317703:my_hotel_merger none 5432,5432
1732195406851:help
1732195412295:my_hotel_merger
1732196233713:help
